<?xml version="1.0" encoding="UTF-8"?>
<testng-results ignored="0" total="10" passed="10" failed="0" skipped="0">
  <reporter-output>
  </reporter-output>
  <suite started-at="2025-06-21T10:01:24 ICT" name="MathUtilityTestSuiteV" finished-at="2025-06-21T10:01:24 ICT" duration-ms="256">
    <groups>
      <group name="basicMath">
        <method signature="MathUtilityTest.testAddition()[pri:0, instance:org.hgnv11.util.mathutil.core.MathUtilityTest@3e3047e6]" name="testAddition" class="org.hgnv11.util.mathutil.core.MathUtilityTest"/>
        <method signature="MathUtilityTest.testAdditionDependent()[pri:0, instance:org.hgnv11.util.mathutil.core.MathUtilityTest@3e3047e6]" name="testAdditionDependent" class="org.hgnv11.util.mathutil.core.MathUtilityTest"/>
      </group> <!-- basicMath -->
      <group name="sum">
        <method signature="MathUtilityDDTTest.testSumEvenDigits_ValidCases(int,int)[pri:0, instance:org.hgnv11.util.mathutil.core.MathUtilityDDTTest@7219ec67]" name="testSumEvenDigits_ValidCases" class="org.hgnv11.util.mathutil.core.MathUtilityDDTTest"/>
      </group> <!-- sum -->
    </groups>
    <test started-at="2025-06-21T10:01:24 ICT" name="MathUtilityTests" finished-at="2025-06-21T10:01:24 ICT" duration-ms="256">
      <class name="org.hgnv11.util.mathutil.core.MathUtilityDDTTest">
        <test-method signature="testSumEvenDigits_ValidCases(int,int)[pri:0, instance:org.hgnv11.util.mathutil.core.MathUtilityDDTTest@7219ec67]" started-at="2025-06-21T10:01:24 ICT" name="testSumEvenDigits_ValidCases" data-provider="evenDigitData" finished-at="2025-06-21T10:01:24 ICT" duration-ms="13" status="PASS">
          <params>
            <param index="0">
              <value>
                <![CDATA[123]]>
              </value>
            </param>
            <param index="1">
              <value>
                <![CDATA[2]]>
              </value>
            </param>
          </params>
          <reporter-output>
          </reporter-output>
        </test-method> <!-- testSumEvenDigits_ValidCases -->
        <test-method signature="testSumEvenDigits_ValidCases(int,int)[pri:0, instance:org.hgnv11.util.mathutil.core.MathUtilityDDTTest@7219ec67]" started-at="2025-06-21T10:01:24 ICT" name="testSumEvenDigits_ValidCases" data-provider="evenDigitData" finished-at="2025-06-21T10:01:24 ICT" duration-ms="1" status="PASS">
          <params>
            <param index="0">
              <value>
                <![CDATA[-227]]>
              </value>
            </param>
            <param index="1">
              <value>
                <![CDATA[4]]>
              </value>
            </param>
          </params>
          <reporter-output>
          </reporter-output>
        </test-method> <!-- testSumEvenDigits_ValidCases -->
        <test-method signature="testSumEvenDigits_ValidCases(int,int)[pri:0, instance:org.hgnv11.util.mathutil.core.MathUtilityDDTTest@7219ec67]" started-at="2025-06-21T10:01:24 ICT" name="testSumEvenDigits_ValidCases" data-provider="evenDigitData" finished-at="2025-06-21T10:01:24 ICT" duration-ms="1" status="PASS">
          <params>
            <param index="0">
              <value>
                <![CDATA[-432]]>
              </value>
            </param>
            <param index="1">
              <value>
                <![CDATA[6]]>
              </value>
            </param>
          </params>
          <reporter-output>
          </reporter-output>
        </test-method> <!-- testSumEvenDigits_ValidCases -->
        <test-method signature="testSumEvenDigits_ValidCases(int,int)[pri:0, instance:org.hgnv11.util.mathutil.core.MathUtilityDDTTest@7219ec67]" started-at="2025-06-21T10:01:24 ICT" name="testSumEvenDigits_ValidCases" data-provider="evenDigitData" finished-at="2025-06-21T10:01:24 ICT" duration-ms="3" status="PASS">
          <params>
            <param index="0">
              <value>
                <![CDATA[627]]>
              </value>
            </param>
            <param index="1">
              <value>
                <![CDATA[8]]>
              </value>
            </param>
          </params>
          <reporter-output>
          </reporter-output>
        </test-method> <!-- testSumEvenDigits_ValidCases -->
        <test-method signature="testSumEvenDigits_ValidCases(int,int)[pri:0, instance:org.hgnv11.util.mathutil.core.MathUtilityDDTTest@7219ec67]" started-at="2025-06-21T10:01:24 ICT" name="testSumEvenDigits_ValidCases" data-provider="evenDigitData" finished-at="2025-06-21T10:01:24 ICT" duration-ms="1" status="PASS">
          <params>
            <param index="0">
              <value>
                <![CDATA[0]]>
              </value>
            </param>
            <param index="1">
              <value>
                <![CDATA[0]]>
              </value>
            </param>
          </params>
          <reporter-output>
          </reporter-output>
        </test-method> <!-- testSumEvenDigits_ValidCases -->
        <test-method signature="testSumEvenDigits_ValidCases(int,int)[pri:0, instance:org.hgnv11.util.mathutil.core.MathUtilityDDTTest@7219ec67]" started-at="2025-06-21T10:01:24 ICT" name="testSumEvenDigits_ValidCases" data-provider="evenDigitData" finished-at="2025-06-21T10:01:24 ICT" duration-ms="1" status="PASS">
          <params>
            <param index="0">
              <value>
                <![CDATA[13579]]>
              </value>
            </param>
            <param index="1">
              <value>
                <![CDATA[0]]>
              </value>
            </param>
          </params>
          <reporter-output>
          </reporter-output>
        </test-method> <!-- testSumEvenDigits_ValidCases -->
      </class> <!-- org.hgnv11.util.mathutil.core.MathUtilityDDTTest -->
      <class name="org.hgnv11.util.mathutil.core.MathUtilityTest">
        <test-method is-config="true" signature="setUp()[pri:0, instance:org.hgnv11.util.mathutil.core.MathUtilityTest@3e3047e6]" started-at="2025-06-21T10:01:24 ICT" name="setUp" finished-at="2025-06-21T10:01:24 ICT" duration-ms="24" status="PASS">
          <reporter-output>
          </reporter-output>
        </test-method> <!-- setUp -->
        <test-method signature="testAddition()[pri:0, instance:org.hgnv11.util.mathutil.core.MathUtilityTest@3e3047e6]" started-at="2025-06-21T10:01:24 ICT" name="testAddition" finished-at="2025-06-21T10:01:24 ICT" duration-ms="6" status="PASS">
          <reporter-output>
          </reporter-output>
        </test-method> <!-- testAddition -->
        <test-method is-config="true" signature="tearDown()[pri:0, instance:org.hgnv11.util.mathutil.core.MathUtilityTest@3e3047e6]" started-at="2025-06-21T10:01:24 ICT" name="tearDown" finished-at="2025-06-21T10:01:24 ICT" duration-ms="2" status="PASS">
          <reporter-output>
          </reporter-output>
        </test-method> <!-- tearDown -->
        <test-method is-config="true" signature="setUp()[pri:0, instance:org.hgnv11.util.mathutil.core.MathUtilityTest@3e3047e6]" started-at="2025-06-21T10:01:24 ICT" name="setUp" finished-at="2025-06-21T10:01:24 ICT" duration-ms="2" status="PASS">
          <reporter-output>
          </reporter-output>
        </test-method> <!-- setUp -->
        <test-method signature="testAdditionDependent()[pri:0, instance:org.hgnv11.util.mathutil.core.MathUtilityTest@3e3047e6]" started-at="2025-06-21T10:01:24 ICT" name="testAdditionDependent" finished-at="2025-06-21T10:01:24 ICT" depends-on-methods="org.hgnv11.util.mathutil.core.MathUtilityTest.testAddition" duration-ms="1" status="PASS">
          <reporter-output>
          </reporter-output>
        </test-method> <!-- testAdditionDependent -->
        <test-method is-config="true" signature="tearDown()[pri:0, instance:org.hgnv11.util.mathutil.core.MathUtilityTest@3e3047e6]" started-at="2025-06-21T10:01:24 ICT" name="tearDown" finished-at="2025-06-21T10:01:24 ICT" duration-ms="1" status="PASS">
          <reporter-output>
          </reporter-output>
        </test-method> <!-- tearDown -->
        <test-method is-config="true" signature="setUp()[pri:0, instance:org.hgnv11.util.mathutil.core.MathUtilityTest@3e3047e6]" started-at="2025-06-21T10:01:24 ICT" name="setUp" finished-at="2025-06-21T10:01:24 ICT" duration-ms="2" status="PASS">
          <reporter-output>
          </reporter-output>
        </test-method> <!-- setUp -->
        <test-method signature="testSumEvenDigits_Negative227_Returns4()[pri:1, instance:org.hgnv11.util.mathutil.core.MathUtilityTest@3e3047e6]" started-at="2025-06-21T10:01:24 ICT" name="testSumEvenDigits_Negative227_Returns4" finished-at="2025-06-21T10:01:24 ICT" duration-ms="2" status="PASS">
          <reporter-output>
          </reporter-output>
        </test-method> <!-- testSumEvenDigits_Negative227_Returns4 -->
        <test-method is-config="true" signature="tearDown()[pri:0, instance:org.hgnv11.util.mathutil.core.MathUtilityTest@3e3047e6]" started-at="2025-06-21T10:01:24 ICT" name="tearDown" finished-at="2025-06-21T10:01:24 ICT" duration-ms="1" status="PASS">
          <reporter-output>
          </reporter-output>
        </test-method> <!-- tearDown -->
        <test-method is-config="true" signature="setUp()[pri:0, instance:org.hgnv11.util.mathutil.core.MathUtilityTest@3e3047e6]" started-at="2025-06-21T10:01:24 ICT" name="setUp" finished-at="2025-06-21T10:01:24 ICT" duration-ms="1" status="PASS">
          <reporter-output>
          </reporter-output>
        </test-method> <!-- setUp -->
        <test-method signature="testSumEvenDigits_123_Returns2()[pri:2, instance:org.hgnv11.util.mathutil.core.MathUtilityTest@3e3047e6]" started-at="2025-06-21T10:01:24 ICT" name="testSumEvenDigits_123_Returns2" finished-at="2025-06-21T10:01:24 ICT" duration-ms="1" status="PASS">
          <reporter-output>
          </reporter-output>
        </test-method> <!-- testSumEvenDigits_123_Returns2 -->
        <test-method is-config="true" signature="tearDown()[pri:0, instance:org.hgnv11.util.mathutil.core.MathUtilityTest@3e3047e6]" started-at="2025-06-21T10:01:24 ICT" name="tearDown" finished-at="2025-06-21T10:01:24 ICT" duration-ms="2" status="PASS">
          <reporter-output>
          </reporter-output>
        </test-method> <!-- tearDown -->
        <test-method is-config="true" signature="afterClass()[pri:0, instance:org.hgnv11.util.mathutil.core.MathUtilityTest@3e3047e6]" started-at="2025-06-21T10:01:24 ICT" name="afterClass" finished-at="2025-06-21T10:01:24 ICT" duration-ms="2" status="PASS">
          <reporter-output>
          </reporter-output>
        </test-method> <!-- afterClass -->
      </class> <!-- org.hgnv11.util.mathutil.core.MathUtilityTest -->
    </test> <!-- MathUtilityTests -->
  </suite> <!-- MathUtilityTestSuiteV -->
</testng-results>
